Flow report for processor
Sun Mar 04 08:53:40 2018
Quartus Prime Version 17.1.0 Build 590 10/25/2017 SJ Lite Edition


---------------------
; Table of Contents ;
---------------------
  1. Legal Notice
  2. Flow Summary
  3. Flow Settings
  4. Flow Non-Default Global Settings
  5. Flow Elapsed Time
  6. Flow OS Summary
  7. Flow Log
  8. Flow Messages
  9. Flow Suppressed Messages



----------------
; Legal Notice ;
----------------
Copyright (C) 2017  Intel Corporation. All rights reserved.
Your use of Intel Corporation's design tools, logic functions 
and other software and tools, and its AMPP partner logic 
functions, and any output files from any of the foregoing 
(including device programming or simulation files), and any 
associated documentation or information are expressly subject 
to the terms and conditions of the Intel Program License 
Subscription Agreement, the Intel Quartus Prime License Agreement,
the Intel FPGA IP License Agreement, or other applicable license
agreement, including, without limitation, that your use is for
the sole purpose of programming logic devices manufactured by
Intel and sold by Intel or its authorized distributors.  Please
refer to the applicable agreement for further details.



+----------------------------------------------------------------------------------+
; Flow Summary                                                                     ;
+------------------------------------+---------------------------------------------+
; Flow Status                        ; Successful - Sun Mar 04 08:53:40 2018       ;
; Quartus Prime Version              ; 17.1.0 Build 590 10/25/2017 SJ Lite Edition ;
; Revision Name                      ; processor                                   ;
; Top-level Entity Name              ; skeleton                                    ;
; Family                             ; Cyclone IV E                                ;
; Device                             ; EP4CE115F29C7                               ;
; Timing Models                      ; Final                                       ;
; Total logic elements               ; 2,656 / 114,480 ( 2 % )                     ;
;     Total combinational functions  ; 2,464 / 114,480 ( 2 % )                     ;
;     Dedicated logic registers      ; 1,380 / 114,480 ( 1 % )                     ;
; Total registers                    ; 1380                                        ;
; Total pins                         ; 114 / 529 ( 22 % )                          ;
; Total virtual pins                 ; 0                                           ;
; Total memory bits                  ; 262,144 / 3,981,312 ( 7 % )                 ;
; Embedded Multiplier 9-bit elements ; 0 / 532 ( 0 % )                             ;
; Total PLLs                         ; 0 / 4 ( 0 % )                               ;
+------------------------------------+---------------------------------------------+


+-----------------------------------------+
; Flow Settings                           ;
+-------------------+---------------------+
; Option            ; Setting             ;
+-------------------+---------------------+
; Start date & time ; 03/04/2018 08:38:59 ;
; Main task         ; Compilation         ;
; Revision Name     ; processor           ;
+-------------------+---------------------+


+-----------------------------------------------------------------------------------------------------------------------------+
; Flow Non-Default Global Settings                                                                                            ;
+-------------------------------------+----------------------------------------+---------------+-------------+----------------+
; Assignment Name                     ; Value                                  ; Default Value ; Entity Name ; Section Id     ;
+-------------------------------------+----------------------------------------+---------------+-------------+----------------+
; COMPILER_SIGNATURE_ID               ; 174508012919951.152017073807204        ; --            ; --          ; --             ;
; EDA_OUTPUT_DATA_FORMAT              ; Verilog Hdl                            ; --            ; --          ; eda_simulation ;
; EDA_SIMULATION_TOOL                 ; ModelSim-Altera (Verilog)              ; <None>        ; --          ; --             ;
; EDA_TIME_SCALE                      ; 1 ps                                   ; --            ; --          ; eda_simulation ;
; MAX_CORE_JUNCTION_TEMP              ; 85                                     ; --            ; --          ; --             ;
; MIN_CORE_JUNCTION_TEMP              ; 0                                      ; --            ; --          ; --             ;
; MISC_FILE                           ; dmem_bb.v                              ; --            ; --          ; --             ;
; MISC_FILE                           ; imem_bb.v                              ; --            ; --          ; --             ;
; NOMINAL_CORE_SUPPLY_VOLTAGE         ; 1.2V                                   ; --            ; --          ; --             ;
; PARTITION_COLOR                     ; -- (Not supported for targeted family) ; --            ; skeleton    ; Top            ;
; PARTITION_FITTER_PRESERVATION_LEVEL ; -- (Not supported for targeted family) ; --            ; skeleton    ; Top            ;
; PARTITION_NETLIST_TYPE              ; -- (Not supported for targeted family) ; --            ; skeleton    ; Top            ;
; PROJECT_OUTPUT_DIRECTORY            ; output_files                           ; --            ; --          ; --             ;
; TOP_LEVEL_ENTITY                    ; skeleton                               ; processor     ; --          ; --             ;
+-------------------------------------+----------------------------------------+---------------+-------------+----------------+


+-------------------------------------------------------------------------------------------------------------------------------+
; Flow Elapsed Time                                                                                                             ;
+---------------------------+--------------+-------------------------+---------------------+------------------------------------+
; Module Name               ; Elapsed Time ; Average Processors Used ; Peak Virtual Memory ; Total CPU Time (on all processors) ;
+---------------------------+--------------+-------------------------+---------------------+------------------------------------+
; Analysis & Synthesis      ; 00:00:26     ; 1.0                     ; 739 MB              ; 00:00:34                           ;
; Fitter                    ; 00:00:40     ; 1.1                     ; 1756 MB             ; 00:01:00                           ;
; Assembler                 ; 00:00:04     ; 1.0                     ; 621 MB              ; 00:00:03                           ;
; TimeQuest Timing Analyzer ; 00:00:04     ; 1.4                     ; 814 MB              ; 00:00:04                           ;
; EDA Netlist Writer        ; 00:00:05     ; 1.0                     ; 618 MB              ; 00:00:04                           ;
; EDA Netlist Writer        ; 00:00:01     ; 1.0                     ; 574 MB              ; 00:00:01                           ;
; EDA Netlist Writer        ; 00:00:04     ; 1.0                     ; 617 MB              ; 00:00:04                           ;
; EDA Netlist Writer        ; 00:00:01     ; 1.0                     ; 575 MB              ; 00:00:01                           ;
; EDA Netlist Writer        ; 00:00:02     ; 1.0                     ; 585 MB              ; 00:00:01                           ;
; EDA Netlist Writer        ; 00:00:00     ; 1.0                     ; 576 MB              ; 00:00:01                           ;
; EDA Netlist Writer        ; 00:00:04     ; 1.0                     ; 617 MB              ; 00:00:04                           ;
; Total                     ; 00:01:31     ; --                      ; --                  ; 00:01:57                           ;
+---------------------------+--------------+-------------------------+---------------------+------------------------------------+


+-----------------------------------------------------------------------------------------+
; Flow OS Summary                                                                         ;
+---------------------------+------------------+------------+------------+----------------+
; Module Name               ; Machine Hostname ; OS Name    ; OS Version ; Processor type ;
+---------------------------+------------------+------------+------------+----------------+
; Analysis & Synthesis      ; LAPTOP-96JO6D2T  ; Windows 10 ; 10.0       ; x86_64         ;
; Fitter                    ; LAPTOP-96JO6D2T  ; Windows 10 ; 10.0       ; x86_64         ;
; Assembler                 ; LAPTOP-96JO6D2T  ; Windows 10 ; 10.0       ; x86_64         ;
; TimeQuest Timing Analyzer ; LAPTOP-96JO6D2T  ; Windows 10 ; 10.0       ; x86_64         ;
; EDA Netlist Writer        ; LAPTOP-96JO6D2T  ; Windows 10 ; 10.0       ; x86_64         ;
; EDA Netlist Writer        ; LAPTOP-96JO6D2T  ; Windows 10 ; 10.0       ; x86_64         ;
; EDA Netlist Writer        ; LAPTOP-96JO6D2T  ; Windows 10 ; 10.0       ; x86_64         ;
; EDA Netlist Writer        ; LAPTOP-96JO6D2T  ; Windows 10 ; 10.0       ; x86_64         ;
; EDA Netlist Writer        ; LAPTOP-96JO6D2T  ; Windows 10 ; 10.0       ; x86_64         ;
; EDA Netlist Writer        ; LAPTOP-96JO6D2T  ; Windows 10 ; 10.0       ; x86_64         ;
; EDA Netlist Writer        ; LAPTOP-96JO6D2T  ; Windows 10 ; 10.0       ; x86_64         ;
+---------------------------+------------------+------------+------------+----------------+


------------
; Flow Log ;
------------
quartus_map --read_settings_files=on --write_settings_files=off processor -c processor
quartus_fit --read_settings_files=off --write_settings_files=off processor -c processor
quartus_asm --read_settings_files=off --write_settings_files=off processor -c processor
quartus_sta processor -c processor
quartus_eda --read_settings_files=off --write_settings_files=off processor -c processor
quartus_eda --gen_testbench --tool=modelsim_oem --format=verilog --write_settings_files=off processor -c processor --vector_source="C:/Users/Belal Taher/Documents/GitHub/pc4-belaltaher8/Waveform.vwf" --testbench_file="C:/Users/Belal Taher/Documents/GitHub/pc4-belaltaher8/simulation/qsim/Waveform.vwf.vt"
quartus_eda --write_settings_files=off --simulation=on --functional=off --flatten_buses=off --timescale=1ps --tool=modelsim_oem --format=verilog --output_directory="C:/Users/Belal Taher/Documents/GitHub/pc4-belaltaher8/simulation/qsim/" processor -c processor
quartus_eda --gen_testbench --tool=modelsim_oem --format=verilog --write_settings_files=off processor -c processor --vector_source="C:/Users/Belal Taher/Documents/GitHub/pc4-belaltaher8/Waveform.vwf" --testbench_file="C:/Users/Belal Taher/Documents/GitHub/pc4-belaltaher8/simulation/qsim/Waveform.vwf.vt"
quartus_eda --write_settings_files=off --simulation=on --functional=on --flatten_buses=off --tool=modelsim_oem --format=verilog --output_directory="C:/Users/Belal Taher/Documents/GitHub/pc4-belaltaher8/simulation/qsim/" processor -c processor
quartus_eda --gen_testbench --tool=modelsim_oem --format=verilog --write_settings_files=off processor -c processor --vector_source="C:/Users/Belal Taher/Documents/GitHub/pc4-belaltaher8/Waveform.vwf" --testbench_file="C:/Users/Belal Taher/Documents/GitHub/pc4-belaltaher8/simulation/qsim/Waveform.vwf.vt"
quartus_eda --write_settings_files=off --simulation=on --functional=off --flatten_buses=off --timescale=1ps --tool=modelsim_oem --format=verilog --output_directory="C:/Users/Belal Taher/Documents/GitHub/pc4-belaltaher8/simulation/qsim/" processor -c processor



